2026-03-25 00:31:37,251 | INFO | ================================================================================
2026-03-25 00:31:37,251 | INFO | FLOOD RESILIENCE PLATFORM - QA VERIFICATION SUITE
2026-03-25 00:31:37,251 | INFO | ================================================================================
2026-03-25 00:31:37,251 | INFO | Start: 2026-03-25T00:31:37.251628
2026-03-25 00:31:37,255 | INFO | 
2026-03-25 00:31:37,255 | INFO | [1/2] Running database tests...
2026-03-25 00:31:37,315 | INFO | [2/2] Running API tests...
2026-03-25 00:31:49,501 | INFO | 
2026-03-25 00:31:49,502 | INFO | ================================================================================
2026-03-25 00:31:49,502 | INFO | TEST RESULTS
2026-03-25 00:31:49,502 | INFO | ================================================================================
2026-03-25 00:31:49,502 | INFO | 
2026-03-25 00:31:49,502 | INFO | DATABASE TESTS:
2026-03-25 00:31:49,502 | INFO |   connectivity: PASS
2026-03-25 00:31:49,502 | INFO |   version: PostgreSQL 18.1 on x86_64-windows, compiled by msvc-19.44.35
2026-03-25 00:31:49,502 | INFO |   overall: FAIL
2026-03-25 00:31:49,502 | INFO |   error: 'NoneType' object has no attribute 'get'
2026-03-25 00:31:49,502 | INFO | 
2026-03-25 00:31:49,502 | INFO | API TESTS:
2026-03-25 00:31:49,502 | INFO |   health: SKIPPED - backend not running
2026-03-25 00:31:49,502 | INFO |   auth_endpoint: SKIPPED
2026-03-25 00:31:49,502 | INFO |   admin_endpoint: SKIPPED
2026-03-25 00:31:49,505 | INFO |   overall: PASS
2026-03-25 00:31:49,505 | INFO | 
2026-03-25 00:31:49,505 | INFO | ================================================================================
2026-03-25 00:31:49,506 | INFO | Results saved to qa_results.json
2026-03-25 00:31:49,506 | INFO | 
2026-03-25 00:31:49,506 | INFO | OVERALL: FAIL - Issues detected
